<?xml version="1.0" encoding="UTF-8"?>
<robot generator="Robot 3.1.2 (Python 3.7.4 on win32)" generated="20200328 00:38:12.498" rpa="false">
<suite id="s1" name="Test" source="C:\Users\noxtla\Desktop\jalisco\claseBucles\test.robot">
<test id="s1-t1" name="C001 Hacer Clic en Contenedores">
<kw name="Open Homepage">
<kw name="Open Browser" library="SeleniumLibrary">
<doc>Opens a new browser instance to the optional ``url``.</doc>
<arguments>
<arg>${testUrl}</arg>
<arg>${browser}</arg>
</arguments>
<msg timestamp="20200328 00:38:12.656" level="INFO">Opening browser 'chrome' to base url 'http://automationpractice.com/index.php'.</msg>
<status status="PASS" starttime="20200328 00:38:12.656" endtime="20200328 00:38:19.255"></status>
</kw>
<status status="PASS" starttime="20200328 00:38:12.655" endtime="20200328 00:38:19.256"></status>
</kw>
<kw name="Set Global Variable" library="BuiltIn">
<doc>Makes a variable available globally in all tests and suites.</doc>
<arguments>
<arg>@{nombresDeContenedores}</arg>
<arg>//*[@id="homefeatured"]/li[1]/div/div[2]/h5/a</arg>
<arg>//*[@id="homefeatured"]/li[6]/div/div[2]/h5/a</arg>
</arguments>
<msg timestamp="20200328 00:38:19.257" level="INFO">@{nombresDeContenedores} = [ //*[@id="homefeatured"]/li[1]/div/div[2]/h5/a | //*[@id="homefeatured"]/li[6]/div/div[2]/h5/a ]</msg>
<status status="PASS" starttime="20200328 00:38:19.256" endtime="20200328 00:38:19.257"></status>
</kw>
<kw name="${nombreDeContenedor} IN [ @{nombresDeContenedores} ]" type="for">
<kw name="${nombreDeContenedor} = //*[@id=&quot;homefeatured&quot;]/li[1]/div/div[2]/h5/a" type="foritem">
<kw name="Click Element" library="SeleniumLibrary">
<doc>Click the element identified by ``locator``.</doc>
<arguments>
<arg>xpath=${nombreDeContenedor}</arg>
</arguments>
<msg timestamp="20200328 00:38:19.259" level="INFO">Clicking element 'xpath=//*[@id="homefeatured"]/li[1]/div/div[2]/h5/a'.</msg>
<status status="PASS" starttime="20200328 00:38:19.259" endtime="20200328 00:38:20.350"></status>
</kw>
<kw name="Wait Until Element Is Visible" library="SeleniumLibrary">
<doc>Waits until the element ``locator`` is visible.</doc>
<arguments>
<arg>//*[@id="bigpic"]</arg>
</arguments>
<status status="PASS" starttime="20200328 00:38:20.350" endtime="20200328 00:38:21.003"></status>
</kw>
<kw name="Click Element" library="SeleniumLibrary">
<doc>Click the element identified by ``locator``.</doc>
<arguments>
<arg>xpath=//*[@id="header_logo"]/a/img</arg>
</arguments>
<msg timestamp="20200328 00:38:21.003" level="INFO">Clicking element 'xpath=//*[@id="header_logo"]/a/img'.</msg>
<status status="PASS" starttime="20200328 00:38:21.003" endtime="20200328 00:38:22.952"></status>
</kw>
<status status="PASS" starttime="20200328 00:38:19.258" endtime="20200328 00:38:22.952"></status>
</kw>
<kw name="${nombreDeContenedor} = //*[@id=&quot;homefeatured&quot;]/li[6]/div/div[2]/h5/a" type="foritem">
<kw name="Click Element" library="SeleniumLibrary">
<doc>Click the element identified by ``locator``.</doc>
<arguments>
<arg>xpath=${nombreDeContenedor}</arg>
</arguments>
<msg timestamp="20200328 00:38:22.953" level="INFO">Clicking element 'xpath=//*[@id="homefeatured"]/li[6]/div/div[2]/h5/a'.</msg>
<status status="PASS" starttime="20200328 00:38:22.953" endtime="20200328 00:38:23.673"></status>
</kw>
<kw name="Wait Until Element Is Visible" library="SeleniumLibrary">
<doc>Waits until the element ``locator`` is visible.</doc>
<arguments>
<arg>//*[@id="bigpic"]</arg>
</arguments>
<status status="PASS" starttime="20200328 00:38:23.673" endtime="20200328 00:38:23.922"></status>
</kw>
<kw name="Click Element" library="SeleniumLibrary">
<doc>Click the element identified by ``locator``.</doc>
<arguments>
<arg>xpath=//*[@id="header_logo"]/a/img</arg>
</arguments>
<msg timestamp="20200328 00:38:23.923" level="INFO">Clicking element 'xpath=//*[@id="header_logo"]/a/img'.</msg>
<status status="PASS" starttime="20200328 00:38:23.922" endtime="20200328 00:38:25.018"></status>
</kw>
<status status="PASS" starttime="20200328 00:38:22.952" endtime="20200328 00:38:25.018"></status>
</kw>
<status status="PASS" starttime="20200328 00:38:19.258" endtime="20200328 00:38:25.018"></status>
</kw>
<kw name="Close Browser" library="SeleniumLibrary">
<doc>Closes the current browser.</doc>
<status status="PASS" starttime="20200328 00:38:25.019" endtime="20200328 00:38:27.100"></status>
</kw>
<status status="PASS" starttime="20200328 00:38:12.655" endtime="20200328 00:38:27.115" critical="yes"></status>
</test>
<status status="PASS" starttime="20200328 00:38:12.499" endtime="20200328 00:38:27.118"></status>
</suite>
<statistics>
<total>
<stat pass="1" fail="0">Critical Tests</stat>
<stat pass="1" fail="0">All Tests</stat>
</total>
<tag>
</tag>
<suite>
<stat pass="1" fail="0" id="s1" name="Test">Test</stat>
</suite>
</statistics>
<errors>
</errors>
</robot>
